--------------------------------------------------------------------------
      name:  <unnamed>
       log:  C:\Users\WLJY8\Desktop\Courses\YEAR 4\WINTER\ECO372\ECO372_As
> signment3_2021Mar\ECO372_Assignment3_WANG_Liangjiayi.log
  log type:  text
 opened on:  23 Mar 2021, 23:42:15

. set more off    // This tells Stata to automatically continue if display
> s exceed screen capacity, instead of making user click

. clear                   // Removes any data from memory every time this 
> script is run.

. display "ECO372_Assignment3 " _n "`surname' `firstname' `studentnumber'"
>  _n c(current_date) c(current_time)
ECO372_Assignment3 
WANG Liangjiayi 1004405789
23 Mar 202123:42:15

.                                                                         
>                                                                         
. 
. 
. /*      ====================================
>         ============ EXERCISE  1  ============
>         ==================================== */
. 
. use "datasets/Angrist_etal_Columbia2002_1.dta", clear           // Loads
>  the file
(TAB5V1)

. datasignature                                                           
>                                 // checks data integrity                
>         
  283:28(115953):33309827:3899837359

. 
. // your code for the Exercise questions a-e goes here
. //a
. describe

Contains data from datasets/Angrist_etal_Columbia2002_1.dta
  obs:           283                          TAB5V1
 vars:            28                          12 Mar 2021 09:29
--------------------------------------------------------------------------
              storage   display    value
variable name   type    format     label      variable label
--------------------------------------------------------------------------
id              double  %10.0g                ID number assigned by
                                                Gabriel
vouch0          double  %10.0g                Student won voucher
sex             double  %10.0g                Gender: Equals 1 if
                                                Applicant is Male
svy             double  %10.0g                Survey completed using new
                                                survey
age             double  %10.0g                Age
hsvisit         double  %10.0g                Survey was conducted in
                                                person
mom_sch         double  %10.0g                
dad_sch         double  %10.0g                
dad_miss        double  %10.0g                
mom_miss        double  %10.0g                
math            double  %10.0g                
reading         double  %10.0g                
writing         double  %10.0g                
t_site          double  %10.0g                Test site
totalpts        double  %10.0g                
sex_name        double  %10.0g                Gender based on name
test_tak        double  %10.0g                
phone           double  %10.0g                Applicant has phone
scyfnsh         double  %10.0g                Highest grade completed
mom_age         double  %10.0g                
mom_mw          double  %10.0g                
dad_age         double  %10.0g                
dad_mw          double  %10.0g                
sex2            double  %10.0g                
age2            double  %10.0g                
area            float   %9.0g                 
month           float   %9.0g                 Month of survey
strata          float   %9.0g                 Strata of residence
--------------------------------------------------------------------------
Sorted by: 

. 
. //b
. summarize math reading writing totalpts

    Variable |        Obs        Mean    Std. Dev.       Min        Max
-------------+---------------------------------------------------------
        math |        282    .0028718    1.002821  -2.024617   3.239387
     reading |        283    .0006201    1.003512  -3.972432   2.097389
     writing |        283    .0049475    1.001712  -3.295184    2.20036
    totalpts |        282    .0033445    1.002749  -2.448572   2.924793

. 
. //c
. reg totalpts vouch0 i.t_site, robust

Linear regression                               Number of obs     =       
>  282
                                                F(3, 278)         =       
> 4.08
                                                Prob > F          =     0.
> 0074
                                                R-squared         =     0.
> 0415
                                                Root MSE          =       
> .987

--------------------------------------------------------------------------
> ----
             |               Robust
    totalpts |      Coef.   Std. Err.      t    P>|t|     [95% Conf. Inter
> val]
-------------+------------------------------------------------------------
> ----
      vouch0 |   .2167926   .1208689     1.79   0.074    -.0211419    .454
> 7272
             |
      t_site |
          2  |   -.555319    .173769    -3.20   0.002    -.8973892   -.213
> 2488
          3  |  -.3569731   .1650089    -2.16   0.031    -.6817987   -.032
> 1476
             |
       _cons |   .2352034   .1476332     1.59   0.112    -.0554176    .525
> 8244
--------------------------------------------------------------------------
> ----

. estimates store OLS1

. 
. reg math vouch0 i.t_site, robust

Linear regression                               Number of obs     =       
>  282
                                                F(3, 278)         =       
> 4.84
                                                Prob > F          =     0.
> 0027
                                                R-squared         =     0.
> 0480
                                                Root MSE          =     .9
> 8374

--------------------------------------------------------------------------
> ----
             |               Robust
        math |      Coef.   Std. Err.      t    P>|t|     [95% Conf. Inter
> val]
-------------+------------------------------------------------------------
> ----
      vouch0 |   .1776212   .1184469     1.50   0.135    -.0555454    .410
> 7879
             |
      t_site |
          2  |  -.6321908   .1757982    -3.60   0.000    -.9782555   -.286
> 1262
          3  |  -.3956517   .1682034    -2.35   0.019    -.7267657   -.064
> 5376
             |
       _cons |   .2998769   .1530854     1.96   0.051    -.0014769    .601
> 2306
--------------------------------------------------------------------------
> ----

. estimates store OLS2

. 
. reg reading vouch0 i.t_site, robust

Linear regression                               Number of obs     =       
>  283
                                                F(3, 279)         =       
> 2.82
                                                Prob > F          =     0.
> 0394
                                                R-squared         =     0.
> 0265
                                                Root MSE          =     .9
> 9542

--------------------------------------------------------------------------
> ----
             |               Robust
     reading |      Coef.   Std. Err.      t    P>|t|     [95% Conf. Inter
> val]
-------------+------------------------------------------------------------
> ----
      vouch0 |   .2035837   .1227233     1.66   0.098    -.0379975    .445
> 1648
             |
      t_site |
          2  |  -.4035848   .1623344    -2.49   0.013    -.7231405   -.084
> 0291
          3  |  -.3255434   .1480893    -2.20   0.029    -.6170576   -.034
> 0293
             |
       _cons |   .1771546   .1305668     1.36   0.176    -.0798667    .434
> 1758
--------------------------------------------------------------------------
> ----

. estimates store OLS3

. 
. reg writing vouch0 i.t_site, robust

Linear regression                               Number of obs     =       
>  283
                                                F(3, 279)         =       
> 0.82
                                                Prob > F          =     0.
> 4835
                                                R-squared         =     0.
> 0092
                                                Root MSE          =     1.
> 0025

--------------------------------------------------------------------------
> ----
             |               Robust
     writing |      Coef.   Std. Err.      t    P>|t|     [95% Conf. Inter
> val]
-------------+------------------------------------------------------------
> ----
      vouch0 |   .1258825   .1222843     1.03   0.304    -.1148345    .366
> 5994
             |
      t_site |
          2  |  -.2034199   .1819608    -1.12   0.265    -.5616102    .154
> 7705
          3  |  -.0608489   .1665305    -0.37   0.715    -.3886647    .266
> 9669
             |
       _cons |   .0261343   .1525117     0.17   0.864    -.2740855    .326
> 3541
--------------------------------------------------------------------------
> ----

. estimates store OLS4

.         
. esttab OLS1 OLS2 OLS3 OLS4 using "Qc.rtf", ///
>         rtf replace se ///
>         mtitles("Total Points OLS" "Math Score OLS" "Reading Score OLS" 
> "Writing Score OLS") ///
>         stats(N r2 F, labels("Obs." "R-squared" "F-statistic")) ///
>         drop(_cons *.t_site)
(output written to Qc.rtf)

.         
. //d
. reg totalpts vouch0 age sex mom_sch dad_sch i.strata svy hsvisit, robust

Linear regression                               Number of obs     =       
>  189
                                                F(9, 179)         =       
> 4.57
                                                Prob > F          =     0.
> 0000
                                                R-squared         =     0.
> 1737
                                                Root MSE          =     .9
> 1295

--------------------------------------------------------------------------
> ----
             |               Robust
    totalpts |      Coef.   Std. Err.      t    P>|t|     [95% Conf. Inter
> val]
-------------+------------------------------------------------------------
> ----
      vouch0 |   .0733587   .1364809     0.54   0.592    -.1959598    .342
> 6772
         age |  -.2189465   .0546586    -4.01   0.000    -.3268047   -.111
> 0883
         sex |   .0643122   .1326075     0.48   0.628    -.1973629    .325
> 9874
     mom_sch |   .0414107   .0258472     1.60   0.111    -.0095937    .092
> 4151
     dad_sch |   .0102913   .0261275     0.39   0.694    -.0412662    .061
> 8489
             |
      strata |
          2  |   .4571083   .2174874     2.10   0.037     .0279393    .886
> 2774
          3  |  -.0397362   .2479131    -0.16   0.873    -.5289444     .44
> 9472
             |
         svy |   -.004885   .1479328    -0.03   0.974    -.2968016    .287
> 0315
     hsvisit |   .1331355   .2083905     0.64   0.524    -.2780826    .544
> 3535
       _cons |   2.629452   .9069481     2.90   0.004     .8397662    4.41
> 9137
--------------------------------------------------------------------------
> ----

. estimates store OLS5

. 
. esttab OLS5 using "Qd.rtf", ///
>         rtf replace se ///
>         mtitles("Total Points OLS results with covariates") ///
>         stats(N r2 F, labels("Obs." "R-squared" "F-statistic")) ///
>         drop(_cons age sex mom_sch dad_sch *.strata svy hsvisit)
(output written to Qd.rtf)

.         
. //e     
. 
. 
. use "datasets/Angrist_etal_Columbia2002_2.dta", clear           // Loads
>  the file

. datasignature                                                           
>                                 // checks data integrity                
  1135:11(82263):3947394313:3795635134

. 
. 
. // your code for the Exercise questions f-l goes here
. 
. //f
. describe

Contains data from datasets/Angrist_etal_Columbia2002_2.dta
  obs:         1,135                          
 vars:            11                          12 Mar 2021 09:29
--------------------------------------------------------------------------
              storage   display    value
variable name   type    format     label      variable label
--------------------------------------------------------------------------
vouch0          double  %10.0g                Student won voucher
intervwr        str8    %-9s                  Name of intervwr assigned
sex             double  %10.0g                Gender: Equals 1 if
                                                Applicant is Male
svy             double  %10.0g                Survey completed using new
                                                survey
age             double  %10.0g                Age
hsvisit         double  %10.0g                Survey was conducted in
                                                person
scyfnsh         double  %10.0g                Highest grade completed
inschl          double  %10.0g                In school by time of survey
usesch          double  %10.0g                Used School Voucher
month           float   %9.0g                 Month of survey
strata          float   %9.0g                 Strata of residence
--------------------------------------------------------------------------
Sorted by: 

. 
. //g
. reg scyfnsh vouch0 svy age sex hsvisit i.strata i.month, robust

Linear regression                               Number of obs     =      1
> ,135
                                                F(20, 1113)       =       
>    .
                                                Prob > F          =       
>    .
                                                R-squared         =     0.
> 1077
                                                Root MSE          =     .8
> 5997

--------------------------------------------------------------------------
> ----
             |               Robust
     scyfnsh |      Coef.   Std. Err.      t    P>|t|     [95% Conf. Inter
> val]
-------------+------------------------------------------------------------
> ----
      vouch0 |   .1264498   .0515738     2.45   0.014     .0252569    .227
> 6428
         svy |   .8760175   .1709904     5.12   0.000     .5405178    1.21
> 1517
         age |  -.1127283    .022357    -5.04   0.000    -.1565948   -.068
> 8617
         sex |  -.1724894   .0515166    -3.35   0.001    -.2735699   -.071
> 4089
     hsvisit |  -.0188271   .1255999    -0.15   0.881    -.2652664    .227
> 6121
             |
      strata |
          1  |  -.0494305   .1007397    -0.49   0.624    -.2470917    .148
> 2307
          2  |   .0868942   .0774995     1.12   0.262    -.0651675    .238
> 9558
          3  |   .1731343   .0944671     1.83   0.067    -.0122194    .358
> 4881
          4  |   .5160276   .0958968     5.38   0.000     .3278688    .704
> 1865
          5  |   .5548946   .1111855     4.99   0.000     .3367379    .773
> 0513
             |
       month |
          2  |   .1487478   .2656212     0.56   0.576    -.3724269    .669
> 9225
          3  |   .1347069    .253324     0.53   0.595    -.3623395    .631
> 7533
          4  |   .0732884   .2597453     0.28   0.778    -.4363572     .58
> 2934
          5  |   .1084487   .2613721     0.41   0.678    -.4043889    .621
> 2863
          6  |  -.2013462    .286029    -0.70   0.482     -.762563    .359
> 8705
          7  |  -.9134621   .2747376    -3.32   0.001    -1.452524   -.374
> 4001
          8  |  -.7382134   .2659504    -2.78   0.006    -1.260034   -.216
> 3927
          9  |   -.674359   .2975711    -2.27   0.024    -1.258223   -.090
> 4954
         10  |  -1.186824   .2589089    -4.58   0.000    -1.694828    -.67
> 8819
         11  |  -1.019407   .5251772    -1.94   0.053    -2.049856    .011
> 0423
         12  |  -1.126205   .5412099    -2.08   0.038    -2.188112   -.064
> 2987
             |
       _cons |   9.087325   .3977206    22.85   0.000     8.306959    9.86
> 7692
--------------------------------------------------------------------------
> ----

. estimates store OLS6

. 
. reg inschl vouch0 svy age sex hsvisit i.strata i.month, robust

Linear regression                               Number of obs     =      1
> ,135
                                                F(20, 1113)       =       
>    .
                                                Prob > F          =       
>    .
                                                R-squared         =     0.
> 1646
                                                Root MSE          =     .3
> 3868

--------------------------------------------------------------------------
> ----
             |               Robust
      inschl |      Coef.   Std. Err.      t    P>|t|     [95% Conf. Inter
> val]
-------------+------------------------------------------------------------
> ----
      vouch0 |    .007645    .020327     0.38   0.707    -.0322385    .047
> 5285
         svy |   .0325055   .0516171     0.63   0.529    -.0687722    .133
> 7833
         age |  -.0970536   .0089574   -10.84   0.000    -.1146288   -.079
> 4783
         sex |  -.0041665   .0202265    -0.21   0.837    -.0438528    .035
> 5198
     hsvisit |    .095826   .0434116     2.21   0.027     .0106481    .181
> 0038
             |
      strata |
          1  |   .0063466   .0426497     0.15   0.882    -.0773362    .090
> 0294
          2  |   .0812447   .0326669     2.49   0.013      .017149    .145
> 3404
          3  |   .0760033     .03985     1.91   0.057    -.0021863    .154
> 1928
          4  |   .3002944   .0662997     4.53   0.000     .1702079     .43
> 0381
          5  |   .1409192   .0452397     3.11   0.002     .0521544     .22
> 9684
             |
       month |
          2  |   .0826198   .0973864     0.85   0.396    -.1084619    .273
> 7015
          3  |   .1302094   .0871659     1.49   0.136    -.0408186    .301
> 2374
          4  |   .1414189    .088086     1.61   0.109    -.0314145    .314
> 2523
          5  |   .1671089   .0918533     1.82   0.069    -.0131163     .34
> 7334
          6  |     .03426   .0979014     0.35   0.726    -.1578321    .226
> 3521
          7  |   .1017753   .0977793     1.04   0.298    -.0900772    .293
> 6278
          8  |   .0883045   .0969415     0.91   0.363    -.1019043    .278
> 5132
          9  |   .1307536   .1179079     1.11   0.268    -.1005932    .362
> 1004
         10  |   .2394506   .0918258     2.61   0.009     .0592795    .419
> 6217
         11  |  -.2744124   .2943517    -0.93   0.351    -.8519591    .303
> 1343
         12  |   -.150563   .2042947    -0.74   0.461    -.5514091     .25
> 0283
             |
       _cons |   2.106769   .1534067    13.73   0.000      1.80577    2.40
> 7768
--------------------------------------------------------------------------
> ----

. estimates store OLS7

. 
. esttab OLS6 OLS7 using "Qg.rtf", ///
>         rtf replace se ///
>         mtitles("Highest_Grade_OLS" "Still_in_Scl_OLS") ///
>         stats(N r2 F, labels("Obs." "R-squared" "F-statistic")) ///
>         drop(_cons *.strata svy age sex hsvisit *.month)        
(output written to Qg.rtf)

. 
. // h
. 
. // i
. reg usesch vouch0,robust

Linear regression                               Number of obs     =      1
> ,135
                                                F(1, 1133)        =     97
> 1.66
                                                Prob > F          =     0.
> 0000
                                                R-squared         =     0.
> 4663
                                                Root MSE          =     .3
> 5983

--------------------------------------------------------------------------
> ----
             |               Robust
      usesch |      Coef.   Std. Err.      t    P>|t|     [95% Conf. Inter
> val]
-------------+------------------------------------------------------------
> ----
      vouch0 |   .6721963   .0215645    31.17   0.000     .6298855    .714
> 5072
       _cons |    .245045   .0182734    13.41   0.000     .2091915    .280
> 8986
--------------------------------------------------------------------------
> ----

. 
. // j
. reg scyfnsh usesch svy hsvisit age sex i.strata i.month, robust

Linear regression                               Number of obs     =      1
> ,135
                                                F(20, 1113)       =       
>    .
                                                Prob > F          =       
>    .
                                                R-squared         =     0.
> 1113
                                                Root MSE          =     .8
> 5824

--------------------------------------------------------------------------
> ----
             |               Robust
     scyfnsh |      Coef.   Std. Err.      t    P>|t|     [95% Conf. Inter
> val]
-------------+------------------------------------------------------------
> ----
      usesch |   .1711705   .0544356     3.14   0.002     .0643624    .277
> 9785
         svy |   .8817698   .1697254     5.20   0.000      .548752    1.21
> 4788
     hsvisit |  -.0214821   .1259284    -0.17   0.865    -.2685659    .225
> 6017
         age |  -.1110006   .0223559    -4.97   0.000    -.1548649   -.067
> 1362
         sex |  -.1695405   .0515252    -3.29   0.001    -.2706379   -.068
> 4431
             |
      strata |
          1  |  -.0410357   .1007961    -0.41   0.684    -.2388074    .156
> 7361
          2  |   .0837287    .078133     1.07   0.284    -.0695759    .237
> 0333
          3  |   .1718667   .0943507     1.82   0.069    -.0132586    .356
> 9921
          4  |    .514886   .0958239     5.37   0.000     .3268702    .702
> 9019
          5  |   .5718838    .134792     4.24   0.000     .3074087     .83
> 6359
             |
       month |
          2  |    .163788   .2649439     0.62   0.537    -.3560579    .683
> 6338
          3  |   .1500289   .2515096     0.60   0.551    -.3434575    .643
> 5154
          4  |   .0822777   .2581244     0.32   0.750    -.4241875    .588
> 7429
          5  |   .1338355   .2602935     0.51   0.607    -.3768858    .644
> 5568
          6  |  -.1844228   .2844917    -0.65   0.517    -.7426233    .373
> 7777
          7  |  -.8970309   .2730414    -3.29   0.001    -1.432765    -.36
> 1297
          8  |   -.732284   .2645513    -2.77   0.006    -1.251359   -.213
> 2086
          9  |  -.6830416   .3006637    -2.27   0.023    -1.272973   -.093
> 1101
         10  |  -1.140237   .2603074    -4.38   0.000    -1.650986   -.629
> 4887
         11  |  -.9353358   .5006568    -1.87   0.062    -1.917673    .047
> 0017
         12  |  -1.038993   .5316458    -1.95   0.051    -2.082134    .004
> 1475
             |
       _cons |   9.009288   .3989394    22.58   0.000      8.22653    9.79
> 2046
--------------------------------------------------------------------------
> ----

. estimates store OLS8

. 
. ivregress 2sls scyfnsh (usesch=vouch0) svy hsvisit age sex i.strata i.mo
> nth, robust 

Instrumental variables (2SLS) regression          Number of obs   =      1
> ,135
                                                  Wald chi2(21)   =    155
> 9.87
                                                  Prob > chi2     =     0.
> 0000
                                                  R-squared       =     0.
> 1112
                                                  Root MSE        =     .8
> 4994

--------------------------------------------------------------------------
> ----
             |               Robust
     scyfnsh |      Coef.   Std. Err.      z    P>|z|     [95% Conf. Inter
> val]
-------------+------------------------------------------------------------
> ----
      usesch |   .1908656   .0769695     2.48   0.013     .0400082    .341
> 7231
         svy |   .8804276   .1679601     5.24   0.000      .551232    1.20
> 9623
     hsvisit |  -.0236368   .1247677    -0.19   0.850     -.268177    .220
> 9034
         age |  -.1106878   .0220847    -5.01   0.000    -.1539731   -.067
> 4025
         sex |  -.1692393    .051171    -3.31   0.001    -.2695327    -.06
> 8946
             |
      strata |
          1  |  -.0408705   .0998764    -0.41   0.682    -.2366246    .154
> 8835
          2  |   .0829922   .0774323     1.07   0.284    -.0687724    .234
> 7568
          3  |   .1709324   .0932279     1.83   0.067    -.0117909    .353
> 6557
          4  |   .5099317   .0945725     5.39   0.000      .324573    .695
> 2904
          5  |   .5740758    .137461     4.18   0.000     .3046571    .843
> 4945
             |
       month |
          2  |   .1650053   .2620416     0.63   0.529    -.3485869    .678
> 5974
          3  |    .149419   .2487475     0.60   0.548    -.3381172    .636
> 9552
          4  |    .080906   .2554262     0.32   0.751      -.41972    .581
> 5321
          5  |   .1383745   .2572856     0.54   0.591    -.3658959    .642
> 6449
          6  |  -.1824893   .2812819    -0.65   0.516    -.7337917    .368
> 8131
          7  |   -.894257    .269403    -3.32   0.001    -1.422277   -.366
> 2368
          8  |  -.7318289   .2615879    -2.80   0.005    -1.244532    -.21
> 9126
          9  |  -.6836322   .2977698    -2.30   0.022     -1.26725    -.10
> 0014
         10  |   -1.12743   .2571416    -4.38   0.000    -1.631418   -.623
> 4419
         11  |  -.9268435   .4940847    -1.88   0.061    -1.895232    .041
> 5448
         12  |  -1.026501   .5248712    -1.96   0.050     -2.05523    .002
> 2278
             |
       _cons |   8.993566   .3943073    22.81   0.000     8.220738    9.76
> 6394
--------------------------------------------------------------------------
> ----
Instrumented:  usesch
Instruments:   svy hsvisit age sex 1.strata 2.strata 3.strata 4.strata
               5.strata 2.month 3.month 4.month 5.month 6.month 7.month
               8.month 9.month 10.month 11.month 12.month vouch0

. estimates store IV9

. 
. esttab OLS8 IV9 using "Qj.rtf", ///
>         rtf replace se ///
>         mtitles("High_Score_OLS_estimate" "High_Score_IV_estimate") ///
>         stats(N r2 F, labels("Obs." "R-squared" "F-statistic")) ///
>         drop(_cons *.strata svy age sex hsvisit *.month)        
(output written to Qj.rtf)

.         
. // k
. 
. // l
. reg inschl usesch svy hsvisit age sex i.strata i.month, robust

Linear regression                               Number of obs     =      1
> ,135
                                                F(20, 1113)       =       
>    .
                                                Prob > F          =       
>    .
                                                R-squared         =     0.
> 1653
                                                Root MSE          =     .3
> 3853

--------------------------------------------------------------------------
> ----
             |               Robust
      inschl |      Coef.   Std. Err.      t    P>|t|     [95% Conf. Inter
> val]
-------------+------------------------------------------------------------
> ----
      usesch |   .0222886   .0213579     1.04   0.297    -.0196176    .064
> 1949
         svy |   .0320396   .0516752     0.62   0.535    -.0693521    .133
> 4314
     hsvisit |   .0943592   .0435673     2.17   0.031     .0088759    .179
> 8426
         age |  -.0967595   .0089496   -10.81   0.000    -.1143195   -.079
> 1995
         sex |  -.0038056   .0202345    -0.19   0.851    -.0435076    .035
> 8964
             |
      strata |
          1  |   .0069542   .0426653     0.16   0.871    -.0767592    .090
> 6677
          2  |   .0806069    .032891     2.45   0.014     .0160716    .145
> 1422
          3  |   .0753602   .0400587     1.88   0.060    -.0032388    .153
> 9593
          4  |   .2972219   .0657683     4.52   0.000     .1681781    .426
> 2657
          5  |   .1432752   .0503982     2.84   0.005     .0443889    .242
> 1615
             |
       month |
          2  |   .0842671   .0973488     0.87   0.387    -.1067408     .27
> 5275
          3  |    .130766   .0871949     1.50   0.134    -.0403189    .301
> 8509
          4  |   .1411309   .0880478     1.60   0.109    -.0316276    .313
> 8894
          5  |   .1713954   .0920646     1.86   0.063    -.0092443    .352
> 0351
          6  |   .0364553    .097973     0.37   0.710    -.1557773    .228
> 6879
          7  |   .1044504   .0979081     1.07   0.286    -.0876548    .296
> 5556
          8  |   .0889388   .0971814     0.92   0.360    -.1017406    .279
> 6183
          9  |   .1298706   .1187718     1.09   0.274    -.1031713    .362
> 9126
         10  |   .2500313    .092908     2.69   0.007     .0677367    .432
> 3259
         11  |  -.2641813   .2917124    -0.91   0.365    -.8365495     .30
> 8187
         12  |  -.1377169   .2044586    -0.67   0.501    -.5388845    .263
> 4508
             |
       _cons |    2.09252   .1539498    13.59   0.000     1.790456    2.39
> 4585
--------------------------------------------------------------------------
> ----

. estimates store OLS10

. 
. ivregress 2sls inschl (usesch=vouch0) svy hsvisit age sex i.strata i.mon
> th, robust 

Instrumental variables (2SLS) regression          Number of obs   =      1
> ,135
                                                  Wald chi2(21)   =     28
> 2.45
                                                  Prob > chi2     =     0.
> 0000
                                                  R-squared       =     0.
> 1651
                                                  Root MSE        =     .3
> 3527

--------------------------------------------------------------------------
> ----
             |               Robust
      inschl |      Coef.   Std. Err.      z    P>|z|     [95% Conf. Inter
> val]
-------------+------------------------------------------------------------
> ----
      usesch |   .0115395   .0303729     0.38   0.704    -.0479902    .071
> 0692
         svy |   .0327721    .051062     0.64   0.521    -.0673075    .132
> 8518
     hsvisit |   .0955352   .0430342     2.22   0.026     .0111897    .179
> 8807
         age |  -.0969302   .0088624   -10.94   0.000    -.1143002   -.079
> 5602
         sex |    -.00397   .0200593    -0.20   0.843    -.0432856    .035
> 3456
             |
      strata |
          1  |   .0068641   .0421925     0.16   0.871    -.0758318      .0
> 8956
          2  |   .0810088   .0324897     2.49   0.013     .0173301    .144
> 6875
          3  |   .0758702   .0394802     1.92   0.055    -.0015096    .153
> 2499
          4  |   .2999259    .065574     4.57   0.000     .1714031    .428
> 4486
          5  |   .1420789   .0480405     2.96   0.003     .0479213    .236
> 2364
             |
       month |
          2  |   .0836027   .0963836     0.87   0.386    -.1053057    .272
> 5112
          3  |   .1310989   .0863149     1.52   0.129    -.0380751    .300
> 2729
          4  |   .1418795    .087197     1.63   0.104    -.0290234    .312
> 7824
          5  |   .1689181   .0912559     1.85   0.064    -.0099401    .347
> 7764
          6  |      .0354   .0970044     0.36   0.715    -.1547251    .225
> 5252
          7  |   .1029364   .0968415     1.06   0.288    -.0868694    .292
> 7423
          8  |   .0886905   .0960655     0.92   0.356    -.0995944    .276
> 9754
          9  |    .130193   .1173685     1.11   0.267    -.0998451     .36
> 0231
         10  |   .2430414   .0926249     2.62   0.009        .0615    .424
> 5829
         11  |  -.2688162   .2902545    -0.93   0.354    -.8377045    .300
> 0721
         12  |   -.144535   .2022672    -0.71   0.475    -.5409714    .251
> 9014
             |
       _cons |     2.1011   .1530845    13.73   0.000      1.80106     2.4
> 0114
--------------------------------------------------------------------------
> ----
Instrumented:  usesch
Instruments:   svy hsvisit age sex 1.strata 2.strata 3.strata 4.strata
               5.strata 2.month 3.month 4.month 5.month 6.month 7.month
               8.month 9.month 10.month 11.month 12.month vouch0

. estimates store IV11

. 
. esttab OLS10 IV11 using "Ql.rtf", ///
>         rtf replace se ///
>         mtitles("In_Scl_OLS_estimate" "In_Scl_IV_estimate") ///
>         stats(N r2 F, labels("Obs." "R-squared" "F-statistic")) ///
>         drop(_cons *.strata svy age sex hsvisit *.month)        
(output written to Ql.rtf)

.         
.         
. 
. /*      =============================================================
>         ============    FINAL COMMANDS  (do not change) ============
>         ============================================================= */
. log close                               // closes your log file
      name:  <unnamed>
       log:  C:\Users\WLJY8\Desktop\Courses\YEAR 4\WINTER\ECO372\ECO372_As
> signment3_2021Mar\ECO372_Assignment3_WANG_Liangjiayi.log
  log type:  text
 closed on:  23 Mar 2021, 23:42:17
--------------------------------------------------------------------------
